build/app/outputs/logs/manifest-merger-release-report.txt
-- Merging decision tree log ---
manifest
ADDED from src/main/AndroidManifest.xml:1:1-42:12
INJECTED from src/main/AndroidManifest.xml:1:1-42:12
INJECTED from src/main/AndroidManifest.xml:1:1-42:12
INJECTED from src/main/AndroidManifest.xml:1:1-42:12
MERGED from [:firebase_storage] AndroidManifest.xml:2:1-7:12
MERGED from [:sqflite] AndroidManifest.xml:2:1-7:12
MERGED from [:flutter_bluetooth_serial] AndroidManifest.xml:2:1-11:12
MERGED from [:path_provider] AndroidManifest.xml:2:1-7:12
MERGED from [:cloud_firestore] AndroidManifest.xml:2:1-7:12
MERGED from [:firebase_database] AndroidManifest.xml:2:1-7:12
MERGED from [:shared_preferences] AndroidManifest.xml:2:1-7:12
MERGED from [:firebase_core] AndroidManifest.xml:2:1-7:12
MERGED from [:firebase_auth] AndroidManifest.xml:2:1-7:12
MERGED from [androidx.multidex:multidex:2.0.0] AndroidManifest.xml:17:1-22:12
MERGED from [com.google.firebase:firebase-storage:16.0.3] AndroidManifest.xml:15:1-26:12
MERGED from [com.google.firebase:firebase-firestore:18.2.0] AndroidManifest.xml:2:1-24:12
MERGED from [com.google.firebase:firebase-database:16.0.3] AndroidManifest.xml:15:1-25:12
MERGED from [com.google.firebase:firebase-auth:16.0.5] AndroidManifest.xml:17:1-42:12
MERGED from [com.google.firebase:firebase-auth-interop:16.0.1] AndroidManifest.xml:2:1-10:12
MERGED from [com.google.android.gms:play-services-flags:16.0.1] AndroidManifest.xml:17:1-22:12
MERGED from [com.google.firebase:firebase-core:16.0.4] AndroidManifest.xml:2:1-9:12
MERGED from [com.google.firebase:firebase-measurement-connector-impl:17.0.2] AndroidManifest.xml:17:1-34:12
MERGED from [com.google.firebase:firebase-analytics:16.0.4] AndroidManifest.xml:17:1-55:12
MERGED from [com.google.android.gms:play-services-measurement-api:16.0.2] AndroidManifest.xml:17:1-25:12
MERGED from [com.google.firebase:firebase-analytics-impl:16.2.2] AndroidManifest.xml:17:1-40:12
MERGED from [com.google.firebase:firebase-iid:17.0.3] AndroidManifest.xml:17:1-59:12
MERGED from [com.google.firebase:firebase-iid-interop:16.0.1] AndroidManifest.xml:2:1-10:12
MERGED from [com.google.android.gms:play-services-base:16.0.1] AndroidManifest.xml:17:1-29:12
MERGED from [com.google.firebase:firebase-common:16.1.0] AndroidManifest.xml:2:1-19:12
MERGED from [com.google.android.gms:play-services-tasks:16.0.1] AndroidManifest.xml:2:1-9:12
MERGED from [com.google.android.gms:play-services-stats:16.0.1] AndroidManifest.xml:2:1-9:12
MERGED from [com.google.firebase:firebase-measurement-connector:17.0.1] AndroidManifest.xml:17:1-25:12
MERGED from [com.google.android.gms:play-services-ads-identifier:16.0.0] AndroidManifest.xml:17:1-24:12
MERGED from [com.google.android.gms:play-services-basement:16.1.0] AndroidManifest.xml:17:1-28:12
MERGED from [androidx.legacy:legacy-support-v4:1.0.0-rc01] AndroidManifest.xml:17:1-22:12
MERGED from [androidx.media:media:1.0.0-rc01] AndroidManifest.xml:17:1-22:12
MERGED from [androidx.fragment:fragment:1.0.0-rc01] AndroidManifest.xml:17:1-22:12
MERGED from [androidx.legacy:legacy-support-core-ui:1.0.0-rc01] AndroidManifest.xml:17:1-22:12
MERGED from [androidx.legacy:legacy-support-core-utils:1.0.0-rc01] AndroidManifest.xml:17:1-22:12
MERGED from [androidx.loader:loader:1.0.0-rc01] AndroidManifest.xml:17:1-22:12
MERGED from [androidx.viewpager:viewpager:1.0.0-rc01] AndroidManifest.xml:17:1-22:12
MERGED from [androidx.coordinatorlayout:coordinatorlayout:1.0.0-rc01] AndroidManifest.xml:17:1-22:12
MERGED from [androidx.drawerlayout:drawerlayout:1.0.0-rc01] AndroidManifest.xml:17:1-22:12
MERGED from [androidx.slidingpanelayout:slidingpanelayout:1.0.0-rc01] AndroidManifest.xml:17:1-22:12
MERGED from [androidx.customview:customview:1.0.0-rc01] AndroidManifest.xml:17:1-22:12
MERGED from [androidx.swiperefreshlayout:swiperefreshlayout:1.0.0-rc01] AndroidManifest.xml:17:1-22:12
MERGED from [androidx.asynclayoutinflater:asynclayoutinflater:1.0.0-rc01] AndroidManifest.xml:17:1-22:12
MERGED from [androidx.core:core:1.0.0-rc01] AndroidManifest.xml:17:1-24:12
MERGED from [androidx.lifecycle:lifecycle-livedata-core:2.0.0-rc01] AndroidManifest.xml:17:1-22:12
MERGED from [androidx.arch.core:core-runtime:2.0.0-rc01] AndroidManifest.xml:17:1-22:12
MERGED from [androidx.lifecycle:lifecycle-runtime:2.0.0-rc01] AndroidManifest.xml:17:1-22:12
MERGED from [androidx.versionedparcelable:versionedparcelable:1.0.0-rc01] AndroidManifest.xml:17:1-25:12
MERGED from [androidx.documentfile:documentfile:1.0.0-rc01] AndroidManifest.xml:17:1-22:12
MERGED from [androidx.localbroadcastmanager:localbroadcastmanager:1.0.0-rc01] AndroidManifest.xml:17:1-22:12
MERGED from [androidx.print:print:1.0.0-rc01] AndroidManifest.xml:17:1-22:12
MERGED from [androidx.interpolator:interpolator:1.0.0-rc01] AndroidManifest.xml:17:1-22:12
MERGED from [androidx.cursoradapter:cursoradapter:1.0.0-rc01] AndroidManifest.xml:17:1-22:12
MERGED from [io.grpc:grpc-android:1.16.1] AndroidManifest.xml:2:1-13:12
MERGED from [com.google.firebase:firebase-database-collection:16.0.1] AndroidManifest.xml:2:1-7:12
MERGED from [com.google.firebase:protolite-well-known-types:16.0.1] AndroidManifest.xml:2:1-11:12
MERGED from [com.google.android.gms:play-services-measurement-base:16.0.3] AndroidManifest.xml:2:1-9:12
MERGED from [androidx.lifecycle:lifecycle-viewmodel:2.0.0-rc01] AndroidManifest.xml:17:1-22:12
INJECTED from src/main/AndroidManifest.xml:1:1-42:12
INJECTED from src/main/AndroidManifest.xml:1:1-42:12
INJECTED from src/main/AndroidManifest.xml:1:1-42:12
	package
		ADDED from src/main/AndroidManifest.xml:3:5-34
		INJECTED from src/main/AndroidManifest.xml
		INJECTED from src/main/AndroidManifest.xml
	android:versionName
		INJECTED from src/main/AndroidManifest.xml
		ADDED from src/main/AndroidManifest.xml:1:1-42:12
		INJECTED from src/main/AndroidManifest.xml
	xmlns:tools
		ADDED from src/main/AndroidManifest.xml:2:5-51
	android:versionCode
		INJECTED from src/main/AndroidManifest.xml
		ADDED from src/main/AndroidManifest.xml:1:1-42:12
		INJECTED from src/main/AndroidManifest.xml
	xmlns:android
		ADDED from src/main/AndroidManifest.xml:1:11-69
uses-sdk
ADDED from src/main/AndroidManifest.xml:10:5-82
INJECTED from src/main/AndroidManifest.xml:10:5-82
INJECTED from src/main/AndroidManifest.xml:10:5-82
MERGED from [:firebase_storage] AndroidManifest.xml:5:5-44
MERGED from [:firebase_storage] AndroidManifest.xml:5:5-44
MERGED from [:sqflite] AndroidManifest.xml:5:5-44
MERGED from [:sqflite] AndroidManifest.xml:5:5-44
MERGED from [:flutter_bluetooth_serial] AndroidManifest.xml:5:5-44
MERGED from [:flutter_bluetooth_serial] AndroidManifest.xml:5:5-44
MERGED from [:path_provider] AndroidManifest.xml:5:5-44
MERGED from [:path_provider] AndroidManifest.xml:5:5-44
MERGED from [:cloud_firestore] AndroidManifest.xml:5:5-44
MERGED from [:cloud_firestore] AndroidManifest.xml:5:5-44
MERGED from [:firebase_database] AndroidManifest.xml:5:5-44
MERGED from [:firebase_database] AndroidManifest.xml:5:5-44
MERGED from [:shared_preferences] AndroidManifest.xml:5:5-44
MERGED from [:shared_preferences] AndroidManifest.xml:5:5-44
MERGED from [:firebase_core] AndroidManifest.xml:5:5-44
MERGED from [:firebase_core] AndroidManifest.xml:5:5-44
MERGED from [:firebase_auth] AndroidManifest.xml:5:5-44
MERGED from [:firebase_auth] AndroidManifest.xml:5:5-44
MERGED from [androidx.multidex:multidex:2.0.0] AndroidManifest.xml:20:5-43
MERGED from [androidx.multidex:multidex:2.0.0] AndroidManifest.xml:20:5-43
MERGED from [com.google.firebase:firebase-storage:16.0.3] AndroidManifest.xml:19:5-21:41
MERGED from [com.google.firebase:firebase-storage:16.0.3] AndroidManifest.xml:19:5-21:41
MERGED from [com.google.firebase:firebase-firestore:18.2.0] AndroidManifest.xml:7:5-9:41
MERGED from [com.google.firebase:firebase-firestore:18.2.0] AndroidManifest.xml:7:5-9:41
MERGED from [com.google.firebase:firebase-database:16.0.3] AndroidManifest.xml:18:5-20:41
MERGED from [com.google.firebase:firebase-database:16.0.3] AndroidManifest.xml:18:5-20:41
MERGED from [com.google.firebase:firebase-auth:16.0.5] AndroidManifest.xml:21:5-44
MERGED from [com.google.firebase:firebase-auth:16.0.5] AndroidManifest.xml:21:5-44
MERGED from [com.google.firebase:firebase-auth-interop:16.0.1] AndroidManifest.xml:5:5-44
MERGED from [com.google.firebase:firebase-auth-interop:16.0.1] AndroidManifest.xml:5:5-44
MERGED from [com.google.android.gms:play-services-flags:16.0.1] AndroidManifest.xml:20:5-44
MERGED from [com.google.android.gms:play-services-flags:16.0.1] AndroidManifest.xml:20:5-44
MERGED from [com.google.firebase:firebase-core:16.0.4] AndroidManifest.xml:5:5-44
MERGED from [com.google.firebase:firebase-core:16.0.4] AndroidManifest.xml:5:5-44
MERGED from [com.google.firebase:firebase-measurement-connector-impl:17.0.2] AndroidManifest.xml:20:5-44
MERGED from [com.google.firebase:firebase-measurement-connector-impl:17.0.2] AndroidManifest.xml:20:5-44
MERGED from [com.google.firebase:firebase-analytics:16.0.4] AndroidManifest.xml:20:5-44
MERGED from [com.google.firebase:firebase-analytics:16.0.4] AndroidManifest.xml:20:5-44
MERGED from [com.google.android.gms:play-services-measurement-api:16.0.2] AndroidManifest.xml:20:5-44
MERGED from [com.google.android.gms:play-services-measurement-api:16.0.2] AndroidManifest.xml:20:5-44
MERGED from [com.google.firebase:firebase-analytics-impl:16.2.2] AndroidManifest.xml:20:5-44
MERGED from [com.google.firebase:firebase-analytics-impl:16.2.2] AndroidManifest.xml:20:5-44
MERGED from [com.google.firebase:firebase-iid:17.0.3] AndroidManifest.xml:20:5-44
MERGED from [com.google.firebase:firebase-iid:17.0.3] AndroidManifest.xml:20:5-44
MERGED from [com.google.firebase:firebase-iid-interop:16.0.1] AndroidManifest.xml:5:5-44
MERGED from [com.google.firebase:firebase-iid-interop:16.0.1] AndroidManifest.xml:5:5-44
MERGED from [com.google.android.gms:play-services-base:16.0.1] AndroidManifest.xml:20:5-44
MERGED from [com.google.android.gms:play-services-base:16.0.1] AndroidManifest.xml:20:5-44
MERGED from [com.google.firebase:firebase-common:16.1.0] AndroidManifest.xml:6:5-8:41
MERGED from [com.google.firebase:firebase-common:16.1.0] AndroidManifest.xml:6:5-8:41
MERGED from [com.google.android.gms:play-services-tasks:16.0.1] AndroidManifest.xml:5:5-44
MERGED from [com.google.android.gms:play-services-tasks:16.0.1] AndroidManifest.xml:5:5-44
MERGED from [com.google.android.gms:play-services-stats:16.0.1] AndroidManifest.xml:5:5-44
MERGED from [com.google.android.gms:play-services-stats:16.0.1] AndroidManifest.xml:5:5-44
MERGED from [com.google.firebase:firebase-measurement-connector:17.0.1] AndroidManifest.xml:20:5-44
MERGED from [com.google.firebase:firebase-measurement-connector:17.0.1] AndroidManifest.xml:20:5-44
MERGED from [com.google.android.gms:play-services-ads-identifier:16.0.0] AndroidManifest.xml:20:5-44
MERGED from [com.google.android.gms:play-services-ads-identifier:16.0.0] AndroidManifest.xml:20:5-44
MERGED from [com.google.android.gms:play-services-basement:16.1.0] AndroidManifest.xml:20:5-44
MERGED from [com.google.android.gms:play-services-basement:16.1.0] AndroidManifest.xml:20:5-44
MERGED from [androidx.legacy:legacy-support-v4:1.0.0-rc01] AndroidManifest.xml:20:5-44
MERGED from [androidx.legacy:legacy-support-v4:1.0.0-rc01] AndroidManifest.xml:20:5-44
MERGED from [androidx.media:media:1.0.0-rc01] AndroidManifest.xml:20:5-44
MERGED from [androidx.media:media:1.0.0-rc01] AndroidManifest.xml:20:5-44
MERGED from [androidx.fragment:fragment:1.0.0-rc01] AndroidManifest.xml:20:5-44
MERGED from [androidx.fragment:fragment:1.0.0-rc01] AndroidManifest.xml:20:5-44
MERGED from [androidx.legacy:legacy-support-core-ui:1.0.0-rc01] AndroidManifest.xml:20:5-44
MERGED from [androidx.legacy:legacy-support-core-ui:1.0.0-rc01] AndroidManifest.xml:20:5-44
MERGED from [androidx.legacy:legacy-support-core-utils:1.0.0-rc01] AndroidManifest.xml:20:5-44
MERGED from [androidx.legacy:legacy-support-core-utils:1.0.0-rc01] AndroidManifest.xml:20:5-44
MERGED from [androidx.loader:loader:1.0.0-rc01] AndroidManifest.xml:20:5-44
MERGED from [androidx.loader:loader:1.0.0-rc01] AndroidManifest.xml:20:5-44
MERGED from [androidx.viewpager:viewpager:1.0.0-rc01] AndroidManifest.xml:20:5-44
MERGED from [androidx.viewpager:viewpager:1.0.0-rc01] AndroidManifest.xml:20:5-44
MERGED from [androidx.coordinatorlayout:coordinatorlayout:1.0.0-rc01] AndroidManifest.xml:20:5-44
MERGED from [androidx.coordinatorlayout:coordinatorlayout:1.0.0-rc01] AndroidManifest.xml:20:5-44
MERGED from [androidx.drawerlayout:drawerlayout:1.0.0-rc01] AndroidManifest.xml:20:5-44
MERGED from [androidx.drawerlayout:drawerlayout:1.0.0-rc01] AndroidManifest.xml:20:5-44
MERGED from [androidx.slidingpanelayout:slidingpanelayout:1.0.0-rc01] AndroidManifest.xml:20:5-44
MERGED from [androidx.slidingpanelayout:slidingpanelayout:1.0.0-rc01] AndroidManifest.xml:20:5-44
MERGED from [androidx.customview:customview:1.0.0-rc01] AndroidManifest.xml:20:5-44
MERGED from [androidx.customview:customview:1.0.0-rc01] AndroidManifest.xml:20:5-44
MERGED from [androidx.swiperefreshlayout:swiperefreshlayout:1.0.0-rc01] AndroidManifest.xml:20:5-44
MERGED from [androidx.swiperefreshlayout:swiperefreshlayout:1.0.0-rc01] AndroidManifest.xml:20:5-44
MERGED from [androidx.asynclayoutinflater:asynclayoutinflater:1.0.0-rc01] AndroidManifest.xml:20:5-44
MERGED from [androidx.asynclayoutinflater:asynclayoutinflater:1.0.0-rc01] AndroidManifest.xml:20:5-44
MERGED from [androidx.core:core:1.0.0-rc01] AndroidManifest.xml:20:5-44
MERGED from [androidx.core:core:1.0.0-rc01] AndroidManifest.xml:20:5-44
MERGED from [androidx.lifecycle:lifecycle-livedata-core:2.0.0-rc01] AndroidManifest.xml:20:5-44
MERGED from [androidx.lifecycle:lifecycle-livedata-core:2.0.0-rc01] AndroidManifest.xml:20:5-44
MERGED from [androidx.arch.core:core-runtime:2.0.0-rc01] AndroidManifest.xml:20:5-44
MERGED from [androidx.arch.core:core-runtime:2.0.0-rc01] AndroidManifest.xml:20:5-44
MERGED from [androidx.lifecycle:lifecycle-runtime:2.0.0-rc01] AndroidManifest.xml:20:5-44
MERGED from [androidx.lifecycle:lifecycle-runtime:2.0.0-rc01] AndroidManifest.xml:20:5-44
MERGED from [androidx.versionedparcelable:versionedparcelable:1.0.0-rc01] AndroidManifest.xml:20:5-44
MERGED from [androidx.versionedparcelable:versionedparcelable:1.0.0-rc01] AndroidManifest.xml:20:5-44
MERGED from [androidx.documentfile:documentfile:1.0.0-rc01] AndroidManifest.xml:20:5-44
MERGED from [androidx.documentfile:documentfile:1.0.0-rc01] AndroidManifest.xml:20:5-44
MERGED from [androidx.localbroadcastmanager:localbroadcastmanager:1.0.0-rc01] AndroidManifest.xml:20:5-44
MERGED from [androidx.localbroadcastmanager:localbroadcastmanager:1.0.0-rc01] AndroidManifest.xml:20:5-44
MERGED from [androidx.print:print:1.0.0-rc01] AndroidManifest.xml:20:5-44
MERGED from [androidx.print:print:1.0.0-rc01] AndroidManifest.xml:20:5-44
MERGED from [androidx.interpolator:interpolator:1.0.0-rc01] AndroidManifest.xml:20:5-44
MERGED from [androidx.interpolator:interpolator:1.0.0-rc01] AndroidManifest.xml:20:5-44
MERGED from [androidx.cursoradapter:cursoradapter:1.0.0-rc01] AndroidManifest.xml:20:5-44
MERGED from [androidx.cursoradapter:cursoradapter:1.0.0-rc01] AndroidManifest.xml:20:5-44
MERGED from [io.grpc:grpc-android:1.16.1] AndroidManifest.xml:7:5-9:41
MERGED from [io.grpc:grpc-android:1.16.1] AndroidManifest.xml:7:5-9:41
MERGED from [com.google.firebase:firebase-database-collection:16.0.1] AndroidManifest.xml:5:5-44
MERGED from [com.google.firebase:firebase-database-collection:16.0.1] AndroidManifest.xml:5:5-44
MERGED from [com.google.firebase:protolite-well-known-types:16.0.1] AndroidManifest.xml:7:5-9:41
MERGED from [com.google.firebase:protolite-well-known-types:16.0.1] AndroidManifest.xml:7:5-9:41
MERGED from [com.google.android.gms:play-services-measurement-base:16.0.3] AndroidManifest.xml:5:5-44
MERGED from [com.google.android.gms:play-services-measurement-base:16.0.3] AndroidManifest.xml:5:5-44
MERGED from [androidx.lifecycle:lifecycle-viewmodel:2.0.0-rc01] AndroidManifest.xml:20:5-44
MERGED from [androidx.lifecycle:lifecycle-viewmodel:2.0.0-rc01] AndroidManifest.xml:20:5-44
INJECTED from src/main/AndroidManifest.xml:10:5-82
INJECTED from src/main/AndroidManifest.xml:10:5-82
	tools:overrideLibrary
		ADDED from src/main/AndroidManifest.xml:10:15-80
	android:targetSdkVersion
		INJECTED from src/main/AndroidManifest.xml
		ADDED from src/main/AndroidManifest.xml:10:5-82
		INJECTED from src/main/AndroidManifest.xml
	android:minSdkVersion
		INJECTED from src/main/AndroidManifest.xml
		ADDED from src/main/AndroidManifest.xml:10:5-82
		INJECTED from src/main/AndroidManifest.xml
uses-permission#android.permission.BLUETOOTH
ADDED from src/main/AndroidManifest.xml:11:5-68
MERGED from [:flutter_bluetooth_serial] AndroidManifest.xml:7:5-68
MERGED from [:flutter_bluetooth_serial] AndroidManifest.xml:7:5-68
	android:name
		ADDED from src/main/AndroidManifest.xml:11:22-65
uses-permission#android.permission.BLUETOOTH_ADMIN
ADDED from src/main/AndroidManifest.xml:12:5-74
MERGED from [:flutter_bluetooth_serial] AndroidManifest.xml:8:5-74
MERGED from [:flutter_bluetooth_serial] AndroidManifest.xml:8:5-74
	android:name
		ADDED from src/main/AndroidManifest.xml:12:22-71
uses-permission#android.permission.ACCESS_NETWORK_STATE
ADDED from src/main/AndroidManifest.xml:13:5-79
MERGED from [com.google.firebase:firebase-storage:16.0.3] AndroidManifest.xml:23:5-79
MERGED from [com.google.firebase:firebase-storage:16.0.3] AndroidManifest.xml:23:5-79
MERGED from [com.google.firebase:firebase-firestore:18.2.0] AndroidManifest.xml:13:5-79
MERGED from [com.google.firebase:firebase-firestore:18.2.0] AndroidManifest.xml:13:5-79
MERGED from [com.google.firebase:firebase-database:16.0.3] AndroidManifest.xml:22:5-79
MERGED from [com.google.firebase:firebase-database:16.0.3] AndroidManifest.xml:22:5-79
MERGED from [com.google.firebase:firebase-measurement-connector-impl:17.0.2] AndroidManifest.xml:23:5-79
MERGED from [com.google.firebase:firebase-measurement-connector-impl:17.0.2] AndroidManifest.xml:23:5-79
MERGED from [com.google.firebase:firebase-analytics:16.0.4] AndroidManifest.xml:24:5-79
MERGED from [com.google.firebase:firebase-analytics:16.0.4] AndroidManifest.xml:24:5-79
MERGED from [com.google.firebase:firebase-analytics-impl:16.2.2] AndroidManifest.xml:24:5-79
MERGED from [com.google.firebase:firebase-analytics-impl:16.2.2] AndroidManifest.xml:24:5-79
MERGED from [com.google.firebase:firebase-iid:17.0.3] AndroidManifest.xml:22:5-79
MERGED from [com.google.firebase:firebase-iid:17.0.3] AndroidManifest.xml:22:5-79
MERGED from [io.grpc:grpc-android:1.16.1] AndroidManifest.xml:11:5-79
MERGED from [io.grpc:grpc-android:1.16.1] AndroidManifest.xml:11:5-79
	android:name
		ADDED from src/main/AndroidManifest.xml:13:22-76
uses-permission#android.permission.ACCESS_WIFI_STATE
ADDED from src/main/AndroidManifest.xml:14:5-76
	android:name
		ADDED from src/main/AndroidManifest.xml:14:22-73
uses-permission#android.permission.INTERNET
ADDED from src/main/AndroidManifest.xml:15:5-67
MERGED from [com.google.firebase:firebase-storage:16.0.3] AndroidManifest.xml:24:5-67
MERGED from [com.google.firebase:firebase-storage:16.0.3] AndroidManifest.xml:24:5-67
MERGED from [com.google.firebase:firebase-firestore:18.2.0] AndroidManifest.xml:14:5-67
MERGED from [com.google.firebase:firebase-firestore:18.2.0] AndroidManifest.xml:14:5-67
MERGED from [com.google.firebase:firebase-database:16.0.3] AndroidManifest.xml:23:5-67
MERGED from [com.google.firebase:firebase-database:16.0.3] AndroidManifest.xml:23:5-67
MERGED from [com.google.firebase:firebase-measurement-connector-impl:17.0.2] AndroidManifest.xml:22:5-67
MERGED from [com.google.firebase:firebase-measurement-connector-impl:17.0.2] AndroidManifest.xml:22:5-67
MERGED from [com.google.firebase:firebase-analytics:16.0.4] AndroidManifest.xml:23:5-67
MERGED from [com.google.firebase:firebase-analytics:16.0.4] AndroidManifest.xml:23:5-67
MERGED from [com.google.firebase:firebase-analytics-impl:16.2.2] AndroidManifest.xml:23:5-67
MERGED from [com.google.firebase:firebase-analytics-impl:16.2.2] AndroidManifest.xml:23:5-67
MERGED from [com.google.firebase:firebase-iid:17.0.3] AndroidManifest.xml:23:5-67
MERGED from [com.google.firebase:firebase-iid:17.0.3] AndroidManifest.xml:23:5-67
	android:name
		ADDED from src/main/AndroidManifest.xml:15:22-64
uses-permission#android.permission.CALL_PHONE
ADDED from src/main/AndroidManifest.xml:16:5-69
	android:name
		ADDED from src/main/AndroidManifest.xml:16:22-66
application
ADDED from src/main/AndroidManifest.xml:18:5-41:19
MERGED from [com.google.firebase:firebase-firestore:18.2.0] AndroidManifest.xml:16:5-22:19
MERGED from [com.google.firebase:firebase-firestore:18.2.0] AndroidManifest.xml:16:5-22:19
MERGED from [com.google.firebase:firebase-auth:16.0.5] AndroidManifest.xml:23:5-40:19
MERGED from [com.google.firebase:firebase-auth:16.0.5] AndroidManifest.xml:23:5-40:19
MERGED from [com.google.firebase:firebase-auth-interop:16.0.1] AndroidManifest.xml:7:5-8:19
MERGED from [com.google.firebase:firebase-auth-interop:16.0.1] AndroidManifest.xml:7:5-8:19
MERGED from [com.google.firebase:firebase-core:16.0.4] AndroidManifest.xml:7:5-20
MERGED from [com.google.firebase:firebase-core:16.0.4] AndroidManifest.xml:7:5-20
MERGED from [com.google.firebase:firebase-measurement-connector-impl:17.0.2] AndroidManifest.xml:26:5-32:19
MERGED from [com.google.firebase:firebase-measurement-connector-impl:17.0.2] AndroidManifest.xml:26:5-32:19
MERGED from [com.google.firebase:firebase-analytics:16.0.4] AndroidManifest.xml:28:5-53:19
MERGED from [com.google.firebase:firebase-analytics:16.0.4] AndroidManifest.xml:28:5-53:19
MERGED from [com.google.android.gms:play-services-measurement-api:16.0.2] AndroidManifest.xml:22:5-23:19
MERGED from [com.google.android.gms:play-services-measurement-api:16.0.2] AndroidManifest.xml:22:5-23:19
MERGED from [com.google.firebase:firebase-analytics-impl:16.2.2] AndroidManifest.xml:28:5-38:19
MERGED from [com.google.firebase:firebase-analytics-impl:16.2.2] AndroidManifest.xml:28:5-38:19
MERGED from [com.google.firebase:firebase-iid:17.0.3] AndroidManifest.xml:28:5-57:19
MERGED from [com.google.firebase:firebase-iid:17.0.3] AndroidManifest.xml:28:5-57:19
MERGED from [com.google.firebase:firebase-iid-interop:16.0.1] AndroidManifest.xml:7:5-8:19
MERGED from [com.google.firebase:firebase-iid-interop:16.0.1] AndroidManifest.xml:7:5-8:19
MERGED from [com.google.android.gms:play-services-base:16.0.1] AndroidManifest.xml:22:5-27:19
MERGED from [com.google.android.gms:play-services-base:16.0.1] AndroidManifest.xml:22:5-27:19
MERGED from [com.google.firebase:firebase-common:16.1.0] AndroidManifest.xml:11:5-17:19
MERGED from [com.google.firebase:firebase-common:16.1.0] AndroidManifest.xml:11:5-17:19
MERGED from [com.google.android.gms:play-services-tasks:16.0.1] AndroidManifest.xml:7:5-20
MERGED from [com.google.android.gms:play-services-tasks:16.0.1] AndroidManifest.xml:7:5-20
MERGED from [com.google.android.gms:play-services-stats:16.0.1] AndroidManifest.xml:7:5-20
MERGED from [com.google.android.gms:play-services-stats:16.0.1] AndroidManifest.xml:7:5-20
MERGED from [com.google.firebase:firebase-measurement-connector:17.0.1] AndroidManifest.xml:22:5-23:19
MERGED from [com.google.firebase:firebase-measurement-connector:17.0.1] AndroidManifest.xml:22:5-23:19
MERGED from [com.google.android.gms:play-services-ads-identifier:16.0.0] AndroidManifest.xml:22:5-20
MERGED from [com.google.android.gms:play-services-ads-identifier:16.0.0] AndroidManifest.xml:22:5-20
MERGED from [com.google.android.gms:play-services-basement:16.1.0] AndroidManifest.xml:22:5-26:19
MERGED from [com.google.android.gms:play-services-basement:16.1.0] AndroidManifest.xml:22:5-26:19
MERGED from [androidx.core:core:1.0.0-rc01] AndroidManifest.xml:22:5-89
MERGED from [androidx.core:core:1.0.0-rc01] AndroidManifest.xml:22:5-89
MERGED from [androidx.versionedparcelable:versionedparcelable:1.0.0-rc01] AndroidManifest.xml:22:5-23:19
MERGED from [androidx.versionedparcelable:versionedparcelable:1.0.0-rc01] AndroidManifest.xml:22:5-23:19
MERGED from [com.google.android.gms:play-services-measurement-base:16.0.3] AndroidManifest.xml:7:5-20
MERGED from [com.google.android.gms:play-services-measurement-base:16.0.3] AndroidManifest.xml:7:5-20
	android:appComponentFactory
		ADDED from [androidx.core:core:1.0.0-rc01] AndroidManifest.xml:22:18-86
	android:label
		ADDED from src/main/AndroidManifest.xml:20:9-32
	android:icon
		ADDED from src/main/AndroidManifest.xml:21:9-41
	android:name
		ADDED from src/main/AndroidManifest.xml:19:9-57
activity#zw.co.cytex.propane.MainActivity
ADDED from src/main/AndroidManifest.xml:22:9-40:20
	android:launchMode
		ADDED from src/main/AndroidManifest.xml:24:13-43
	android:hardwareAccelerated
		ADDED from src/main/AndroidManifest.xml:27:13-47
	android:windowSoftInputMode
		ADDED from src/main/AndroidManifest.xml:28:13-55
	android:configChanges
		ADDED from src/main/AndroidManifest.xml:26:13-144
	android:theme
		ADDED from src/main/AndroidManifest.xml:25:13-47
	android:name
		ADDED from src/main/AndroidManifest.xml:23:13-41
meta-data#io.flutter.app.android.SplashScreenUntilFirstFrame
ADDED from src/main/AndroidManifest.xml:33:13-35:40
	android:value
		ADDED from src/main/AndroidManifest.xml:35:17-37
	android:name
		ADDED from src/main/AndroidManifest.xml:34:17-82
intent-filter#action:name:android.intent.action.MAIN+category:name:android.intent.category.LAUNCHER
ADDED from src/main/AndroidManifest.xml:36:13-39:29
action#android.intent.action.MAIN
ADDED from src/main/AndroidManifest.xml:37:17-68
	android:name
		ADDED from src/main/AndroidManifest.xml:37:25-66
category#android.intent.category.LAUNCHER
ADDED from src/main/AndroidManifest.xml:38:17-76
	android:name
		ADDED from src/main/AndroidManifest.xml:38:27-74
uses-permission#android.permission.ACCESS_COARSE_LOCATION
ADDED from [:flutter_bluetooth_serial] AndroidManifest.xml:9:5-81
	android:name
		ADDED from [:flutter_bluetooth_serial] AndroidManifest.xml:9:22-78
service#com.google.firebase.components.ComponentDiscoveryService
ADDED from [com.google.firebase:firebase-firestore:18.2.0] AndroidManifest.xml:17:9-21:19
MERGED from [com.google.firebase:firebase-auth:16.0.5] AndroidManifest.xml:33:9-39:19
MERGED from [com.google.firebase:firebase-auth:16.0.5] AndroidManifest.xml:33:9-39:19
MERGED from [com.google.firebase:firebase-measurement-connector-impl:17.0.2] AndroidManifest.xml:27:9-31:19
MERGED from [com.google.firebase:firebase-measurement-connector-impl:17.0.2] AndroidManifest.xml:27:9-31:19
MERGED from [com.google.firebase:firebase-iid:17.0.3] AndroidManifest.xml:29:9-35:19
MERGED from [com.google.firebase:firebase-iid:17.0.3] AndroidManifest.xml:29:9-35:19
	android:exported
		ADDED from [com.google.firebase:firebase-auth:16.0.5] AndroidManifest.xml:35:13-37
	android:name
		ADDED from [com.google.firebase:firebase-firestore:18.2.0] AndroidManifest.xml:17:18-89
meta-data#com.google.firebase.components:com.google.firebase.firestore.FirestoreRegistrar
ADDED from [com.google.firebase:firebase-firestore:18.2.0] AndroidManifest.xml:18:13-20:85
	android:value
		ADDED from [com.google.firebase:firebase-firestore:18.2.0] AndroidManifest.xml:20:17-82
	android:name
		ADDED from [com.google.firebase:firebase-firestore:18.2.0] AndroidManifest.xml:19:17-111
activity#com.google.firebase.auth.internal.FederatedSignInActivity
ADDED from [com.google.firebase:firebase-auth:16.0.5] AndroidManifest.xml:24:9-31:50
	android:excludeFromRecents
		ADDED from [com.google.firebase:firebase-auth:16.0.5] AndroidManifest.xml:26:13-46
	android:launchMode
		ADDED from [com.google.firebase:firebase-auth:16.0.5] AndroidManifest.xml:28:13-44
	android:exported
		ADDED from [com.google.firebase:firebase-auth:16.0.5] AndroidManifest.xml:27:13-36
	android:permission
		ADDED from [com.google.firebase:firebase-auth:16.0.5] AndroidManifest.xml:29:13-102
	android:theme
		ADDED from [com.google.firebase:firebase-auth:16.0.5] AndroidManifest.xml:30:13-72
	tools:replace
		ADDED from [com.google.firebase:firebase-auth:16.0.5] AndroidManifest.xml:31:13-47
	android:name
		ADDED from [com.google.firebase:firebase-auth:16.0.5] AndroidManifest.xml:25:13-85
meta-data#com.google.firebase.components:com.google.firebase.auth.FirebaseAuthRegistrar
ADDED from [com.google.firebase:firebase-auth:16.0.5] AndroidManifest.xml:36:13-38:85
	android:value
		ADDED from [com.google.firebase:firebase-auth:16.0.5] AndroidManifest.xml:38:17-82
	android:name
		ADDED from [com.google.firebase:firebase-auth:16.0.5] AndroidManifest.xml:37:17-109
uses-permission#android.permission.WAKE_LOCK
ADDED from [com.google.firebase:firebase-measurement-connector-impl:17.0.2] AndroidManifest.xml:24:5-68
MERGED from [com.google.firebase:firebase-analytics:16.0.4] AndroidManifest.xml:25:5-68
MERGED from [com.google.firebase:firebase-analytics:16.0.4] AndroidManifest.xml:25:5-68
MERGED from [com.google.firebase:firebase-analytics-impl:16.2.2] AndroidManifest.xml:25:5-68
MERGED from [com.google.firebase:firebase-analytics-impl:16.2.2] AndroidManifest.xml:25:5-68
MERGED from [com.google.firebase:firebase-iid:17.0.3] AndroidManifest.xml:24:5-68
MERGED from [com.google.firebase:firebase-iid:17.0.3] AndroidManifest.xml:24:5-68
	android:name
		ADDED from [com.google.firebase:firebase-measurement-connector-impl:17.0.2] AndroidManifest.xml:24:22-65
meta-data#com.google.firebase.components:com.google.firebase.analytics.connector.internal.AnalyticsConnectorRegistrar
ADDED from [com.google.firebase:firebase-measurement-connector-impl:17.0.2] AndroidManifest.xml:28:13-30:85
	android:value
		ADDED from [com.google.firebase:firebase-measurement-connector-impl:17.0.2] AndroidManifest.xml:30:17-82
	android:name
		ADDED from [com.google.firebase:firebase-measurement-connector-impl:17.0.2] AndroidManifest.xml:29:17-139
uses-permission#com.google.android.finsky.permission.BIND_GET_INSTALL_REFERRER_SERVICE